This file contains any messages produced by compilers while
running configure, to aid debugging if configure makes a mistake.

It was created by aria2 configure 1.36.0, which was
generated by GNU Autoconf 2.69.  Invocation command line was

  $ ./configure --host=x86_64-w64-mingw32 --prefix=/usr/local/x86_64-w64-mingw32 --without-included-gettext --disable-nls --with-libcares --without-gnutls --without-openssl --with-sqlite3 --without-libxml2 --with-libexpat --with-libz --with-libgmp --with-libssh2 --without-libgcrypt --without-libnettle --with-cppunit-prefix=/usr/local/x86_64-w64-mingw32 ARIA2_STATIC=yes CPPFLAGS=-I/usr/local/x86_64-w64-mingw32/include LDFLAGS=-L/usr/local/x86_64-w64-mingw32/lib PKG_CONFIG=/usr/bin/pkg-config PKG_CONFIG_PATH=/usr/local/x86_64-w64-mingw32/lib/pkgconfig

## --------- ##
## Platform. ##
## --------- ##

hostname = ANSYS
uname -m = x86_64
uname -r = 3.3.6-341.x86_64
uname -s = MINGW64_NT-10.0-22621
uname -v = 2022-12-09 18:33 UTC

/usr/bin/uname -p = unknown
/bin/uname -X     = unknown

/bin/arch              = x86_64
/usr/bin/arch -k       = unknown
/usr/convex/getsysinfo = unknown
/usr/bin/hostinfo      = unknown
/bin/machine           = unknown
/usr/bin/oslevel       = unknown
/bin/universe          = unknown

PATH: /mingw64/bin
PATH: /usr/local/bin
PATH: /usr/bin
PATH: /bin
PATH: /c/Windows/System32
PATH: /c/Windows
PATH: /c/Windows/System32/Wbem
PATH: /c/Windows/System32/WindowsPowerShell/v1.0/
PATH: /usr/bin/site_perl
PATH: /usr/bin/vendor_perl
PATH: /usr/bin/core_perl


## ----------- ##
## Core tests. ##
## ----------- ##

configure:3089: loading site script /etc/config.site
| # This file is in public domain.
| # Original author: Karlson2k (Evgeny Grin)
| # Written for MSys2 to help running 'configure' scripts
| 
| # Defaults for MSys2/MinGW64-targeted programs
| 
| # Set proper selfname on bash and fallback to default name on other shells
| test -n "${BASH_SOURCE}" 2>/dev/null && config_site_me="${BASH_SOURCE[0]##*/}" || config_site_me=config.site
| 
| # Set default 'host' to speedup configure
| if test -z "$build_alias"; then
|   build_alias="${MSYSTEM_CHOST}"  && \
|     ${as_echo-echo} "$config_site_me:${as_lineno-$LINENO}: default build_alias set to $build_alias" >&5
| fi
| 
| # Set default 'prefix'
| if ( test -z "$prefix" || test "x$prefix" = "xNONE" ) && \
|     ( test -z "$exec_prefix" || test "x$exec_prefix" = "xNONE" ); then
|   prefix="${MSYSTEM_PREFIX}" && \
|     ${as_echo-echo} "$config_site_me:${as_lineno-$LINENO}: default prefix set to $prefix" >&5
| fi
config.site:13: default build_alias set to x86_64-w64-mingw32
configure:3223: checking build system type
configure:3237: result: x86_64-w64-mingw32
configure:3257: checking host system type
configure:3270: result: x86_64-w64-mingw32
configure:3290: checking target system type
configure:3303: result: x86_64-w64-mingw32
configure:3346: checking for a BSD-compatible install
configure:3414: result: /usr/bin/install -c
configure:3425: checking whether build environment is sane
configure:3480: result: yes
configure:3534: checking for x86_64-w64-mingw32-strip
configure:3564: result: no
configure:3574: checking for strip
configure:3604: result: no
configure:3626: checking for a thread-safe mkdir -p
configure:3665: result: /usr/bin/mkdir -p
configure:3672: checking for gawk
configure:3688: found /usr/bin/gawk
configure:3699: result: gawk
configure:3710: checking whether make sets $(MAKE)
configure:3736: result: no
configure:3761: checking whether make supports nested variables
configure:3778: result: no
configure:3915: checking whether make supports nested variables
configure:3932: result: no
configure:3948: checking whether make supports the include directive
configure:3963: make -f confmf.GNU && cat confinc.out
./configure: line 3964: make: command not found
configure:3966: $? = 127
configure:3963: make -f confmf.BSD && cat confinc.out
./configure: line 3964: make: command not found
configure:3966: $? = 127
configure:3985: result: no
configure:4015: checking for x86_64-w64-mingw32-gcc
configure:4045: result: no
configure:4055: checking for gcc
configure:4085: result: no
configure:4108: checking for x86_64-w64-mingw32-cc
configure:4138: result: no
configure:4148: checking for cc
configure:4195: result: no
configure:4207: checking for x86_64-w64-mingw32-cl.exe
configure:4237: result: no
configure:4251: checking for cl.exe
configure:4281: result: no
configure:4305: error: in `/C/Users/USER1/Downloads/aria2-1.36.0/aria2-1.36.0':
configure:4307: error: no acceptable C compiler found in $PATH
See `config.log' for more details

## ---------------- ##
## Cache variables. ##
## ---------------- ##

ac_cv_build=x86_64-w64-mingw32
ac_cv_env_ARIA2_STATIC_set=set
ac_cv_env_ARIA2_STATIC_value=yes
ac_cv_env_CCASFLAGS_set=
ac_cv_env_CCASFLAGS_value=
ac_cv_env_CCAS_set=
ac_cv_env_CCAS_value=
ac_cv_env_CCC_set=
ac_cv_env_CCC_value=
ac_cv_env_CC_set=
ac_cv_env_CC_value=
ac_cv_env_CFLAGS_set=
ac_cv_env_CFLAGS_value=
ac_cv_env_CPPFLAGS_set=set
ac_cv_env_CPPFLAGS_value=-I/usr/local/x86_64-w64-mingw32/include
ac_cv_env_CPPUNIT_CFLAGS_set=
ac_cv_env_CPPUNIT_CFLAGS_value=
ac_cv_env_CPPUNIT_LIBS_set=
ac_cv_env_CPPUNIT_LIBS_value=
ac_cv_env_CPP_set=
ac_cv_env_CPP_value=
ac_cv_env_CXXCPP_set=
ac_cv_env_CXXCPP_value=
ac_cv_env_CXXFLAGS_set=
ac_cv_env_CXXFLAGS_value=
ac_cv_env_CXX_set=
ac_cv_env_CXX_value=
ac_cv_env_EXPAT_CFLAGS_set=
ac_cv_env_EXPAT_CFLAGS_value=
ac_cv_env_EXPAT_LIBS_set=
ac_cv_env_EXPAT_LIBS_value=
ac_cv_env_JEMALLOC_CFLAGS_set=
ac_cv_env_JEMALLOC_CFLAGS_value=
ac_cv_env_JEMALLOC_LIBS_set=
ac_cv_env_JEMALLOC_LIBS_value=
ac_cv_env_LDFLAGS_set=set
ac_cv_env_LDFLAGS_value=-L/usr/local/x86_64-w64-mingw32/lib
ac_cv_env_LIBCARES_CFLAGS_set=
ac_cv_env_LIBCARES_CFLAGS_value=
ac_cv_env_LIBCARES_LIBS_set=
ac_cv_env_LIBCARES_LIBS_value=
ac_cv_env_LIBGNUTLS_CFLAGS_set=
ac_cv_env_LIBGNUTLS_CFLAGS_value=
ac_cv_env_LIBGNUTLS_LIBS_set=
ac_cv_env_LIBGNUTLS_LIBS_value=
ac_cv_env_LIBNETTLE_CFLAGS_set=
ac_cv_env_LIBNETTLE_CFLAGS_value=
ac_cv_env_LIBNETTLE_LIBS_set=
ac_cv_env_LIBNETTLE_LIBS_value=
ac_cv_env_LIBSSH2_CFLAGS_set=
ac_cv_env_LIBSSH2_CFLAGS_value=
ac_cv_env_LIBSSH2_LIBS_set=
ac_cv_env_LIBSSH2_LIBS_value=
ac_cv_env_LIBS_set=
ac_cv_env_LIBS_value=
ac_cv_env_LIBUV_CFLAGS_set=
ac_cv_env_LIBUV_CFLAGS_value=
ac_cv_env_LIBUV_LIBS_set=
ac_cv_env_LIBUV_LIBS_value=
ac_cv_env_LIBXML2_CFLAGS_set=
ac_cv_env_LIBXML2_CFLAGS_value=
ac_cv_env_LIBXML2_LIBS_set=
ac_cv_env_LIBXML2_LIBS_value=
ac_cv_env_LT_SYS_LIBRARY_PATH_set=
ac_cv_env_LT_SYS_LIBRARY_PATH_value=
ac_cv_env_OPENSSL_CFLAGS_set=
ac_cv_env_OPENSSL_CFLAGS_value=
ac_cv_env_OPENSSL_LIBS_set=
ac_cv_env_OPENSSL_LIBS_value=
ac_cv_env_PKG_CONFIG_LIBDIR_set=
ac_cv_env_PKG_CONFIG_LIBDIR_value=
ac_cv_env_PKG_CONFIG_PATH_set=set
ac_cv_env_PKG_CONFIG_PATH_value=/usr/local/x86_64-w64-mingw32/lib/pkgconfig
ac_cv_env_PKG_CONFIG_set=set
ac_cv_env_PKG_CONFIG_value=/usr/bin/pkg-config
ac_cv_env_SQLITE3_CFLAGS_set=
ac_cv_env_SQLITE3_CFLAGS_value=
ac_cv_env_SQLITE3_LIBS_set=
ac_cv_env_SQLITE3_LIBS_value=
ac_cv_env_TCMALLOC_CFLAGS_set=
ac_cv_env_TCMALLOC_CFLAGS_value=
ac_cv_env_TCMALLOC_LIBS_set=
ac_cv_env_TCMALLOC_LIBS_value=
ac_cv_env_YACC_set=
ac_cv_env_YACC_value=
ac_cv_env_YFLAGS_set=
ac_cv_env_YFLAGS_value=
ac_cv_env_ZLIB_CFLAGS_set=
ac_cv_env_ZLIB_CFLAGS_value=
ac_cv_env_ZLIB_LIBS_set=
ac_cv_env_ZLIB_LIBS_value=
ac_cv_env_build_alias_set=
ac_cv_env_build_alias_value=
ac_cv_env_host_alias_set=set
ac_cv_env_host_alias_value=x86_64-w64-mingw32
ac_cv_env_target_alias_set=
ac_cv_env_target_alias_value=
ac_cv_host=x86_64-w64-mingw32
ac_cv_path_install='/usr/bin/install -c'
ac_cv_path_mkdir=/usr/bin/mkdir
ac_cv_prog_AWK=gawk
ac_cv_prog_make_make_set=no
ac_cv_target=x86_64-w64-mingw32
am_cv_make_support_nested_variables=no

## ----------------- ##
## Output variables. ##
## ----------------- ##

ACLOCAL='${SHELL} '\''/C/Users/USER1/Downloads/aria2-1.36.0/aria2-1.36.0/missing'\'' aclocal-1.16'
ALLOCA=''
AMDEPBACKSLASH='\'
AMDEP_FALSE='#'
AMDEP_TRUE=''
AMTAR='$${TAR-tar}'
AM_BACKSLASH='\'
AM_DEFAULT_V='0'
AM_DEFAULT_VERBOSITY='0'
AM_V='0'
APPLETLS_LDFLAGS=''
AR=''
ARIA2_STATIC='yes'
AUTOCONF='${SHELL} '\''/C/Users/USER1/Downloads/aria2-1.36.0/aria2-1.36.0/missing'\'' autoconf'
AUTOHEADER='${SHELL} '\''/C/Users/USER1/Downloads/aria2-1.36.0/aria2-1.36.0/missing'\'' autoheader'
AUTOMAKE='${SHELL} '\''/C/Users/USER1/Downloads/aria2-1.36.0/aria2-1.36.0/missing'\'' automake-1.16'
AWK='gawk'
CC=''
CCAS=''
CCASDEPMODE=''
CCASFLAGS=''
CCDEPMODE=''
CFLAGS=''
CPP=''
CPPFLAGS='-I/usr/local/x86_64-w64-mingw32/include'
CPPUNIT_CFLAGS=''
CPPUNIT_LIBS=''
CXX1XCXXFLAGS=''
CXX=''
CXXCPP=''
CXXDEPMODE=''
CXXFLAGS=''
CYGPATH_W='cygpath -w'
DEFS=''
DEPDIR='.deps'
DLLTOOL=''
DSYMUTIL=''
DUMPBIN=''
ECHO_C=''
ECHO_N='-n'
ECHO_T=''
EGREP=''
ENABLE_ASYNC_DNS_FALSE=''
ENABLE_ASYNC_DNS_TRUE=''
ENABLE_BITTORRENT_FALSE=''
ENABLE_BITTORRENT_TRUE=''
ENABLE_LIBARIA2_FALSE=''
ENABLE_LIBARIA2_TRUE=''
ENABLE_METALINK_FALSE=''
ENABLE_METALINK_TRUE=''
ENABLE_SSL_FALSE=''
ENABLE_SSL_TRUE=''
ENABLE_WEBSOCKET_FALSE=''
ENABLE_WEBSOCKET_TRUE=''
ENABLE_XML_RPC_FALSE=''
ENABLE_XML_RPC_TRUE=''
EXEEXT=''
EXPAT_CFLAGS=''
EXPAT_LIBS=''
EXTRACFLAGS=''
EXTRACPPFLAGS=''
EXTRACXXFLAGS=''
EXTRALDFLAGS=''
EXTRALIBS=''
FGREP=''
GETTEXT_MACRO_VERSION=''
GMSGFMT=''
GMSGFMT_015=''
GREP=''
HAVE_APPLETLS_FALSE=''
HAVE_APPLETLS_TRUE=''
HAVE_ASCTIME_R_FALSE=''
HAVE_ASCTIME_R_TRUE=''
HAVE_BASENAME_FALSE=''
HAVE_BASENAME_TRUE=''
HAVE_CXX11=''
HAVE_DAEMON_FALSE=''
HAVE_DAEMON_TRUE=''
HAVE_EPOLL_FALSE=''
HAVE_EPOLL_TRUE=''
HAVE_GAI_STRERROR_FALSE=''
HAVE_GAI_STRERROR_TRUE=''
HAVE_GETADDRINFO_FALSE=''
HAVE_GETADDRINFO_TRUE=''
HAVE_GETTIMEOFDAY_FALSE=''
HAVE_GETTIMEOFDAY_TRUE=''
HAVE_KQUEUE_FALSE=''
HAVE_KQUEUE_TRUE=''
HAVE_LIBEXPAT_FALSE=''
HAVE_LIBEXPAT_TRUE=''
HAVE_LIBGCRYPT_FALSE=''
HAVE_LIBGCRYPT_TRUE=''
HAVE_LIBGMP_FALSE=''
HAVE_LIBGMP_TRUE=''
HAVE_LIBGNUTLS_FALSE=''
HAVE_LIBGNUTLS_TRUE=''
HAVE_LIBNETTLE_FALSE=''
HAVE_LIBNETTLE_TRUE=''
HAVE_LIBSSH2_FALSE=''
HAVE_LIBSSH2_TRUE=''
HAVE_LIBUV_FALSE=''
HAVE_LIBUV_TRUE=''
HAVE_LIBXML2_FALSE=''
HAVE_LIBXML2_TRUE=''
HAVE_LOCALTIME_R_FALSE=''
HAVE_LOCALTIME_R_TRUE=''
HAVE_OPENSSL_FALSE=''
HAVE_OPENSSL_TRUE=''
HAVE_OSX_FALSE=''
HAVE_OSX_TRUE=''
HAVE_POLL_FALSE=''
HAVE_POLL_TRUE=''
HAVE_PORT_ASSOCIATE_FALSE=''
HAVE_PORT_ASSOCIATE_TRUE=''
HAVE_RST2HTML_FALSE=''
HAVE_RST2HTML_TRUE=''
HAVE_SOME_FALLOCATE_FALSE=''
HAVE_SOME_FALLOCATE_TRUE=''
HAVE_SOME_XMLLIB_FALSE=''
HAVE_SOME_XMLLIB_TRUE=''
HAVE_SPHINXBUILD_FALSE=''
HAVE_SPHINXBUILD_TRUE=''
HAVE_SQLITE3_FALSE=''
HAVE_SQLITE3_TRUE=''
HAVE_STRPTIME_FALSE=''
HAVE_STRPTIME_TRUE=''
HAVE_TIMEGM_FALSE=''
HAVE_TIMEGM_TRUE=''
HAVE_WINTLS_FALSE=''
HAVE_WINTLS_TRUE=''
HAVE_ZLIB_FALSE=''
HAVE_ZLIB_TRUE=''
INSTALL_DATA='${INSTALL} -m 644'
INSTALL_PROGRAM='${INSTALL}'
INSTALL_SCRIPT='${INSTALL}'
INSTALL_STRIP_PROGRAM='$(install_sh) -c -s'
INTLLIBS=''
INTL_MACOSX_LIBS=''
JEMALLOC_CFLAGS=''
JEMALLOC_LIBS=''
LD=''
LDFLAGS='-L/usr/local/x86_64-w64-mingw32/lib'
LIBCARES_CFLAGS=''
LIBCARES_LIBS=''
LIBGCRYPT_CFLAGS=''
LIBGCRYPT_CONFIG=''
LIBGCRYPT_LIBS=''
LIBGMP_CFLAGS=''
LIBGMP_LIBS=''
LIBGNUTLS_CFLAGS=''
LIBGNUTLS_LIBS=''
LIBICONV=''
LIBINTL=''
LIBNETTLE_CFLAGS=''
LIBNETTLE_LIBS=''
LIBOBJS=''
LIBS=''
LIBSSH2_CFLAGS=''
LIBSSH2_LIBS=''
LIBTOOL=''
LIBUV_CFLAGS=''
LIBUV_LIBS=''
LIBXML2_CFLAGS=''
LIBXML2_LIBS=''
LIPO=''
LN_S=''
LTLIBICONV=''
LTLIBINTL=''
LTLIBOBJS=''
LT_AGE=''
LT_CURRENT=''
LT_REVISION=''
LT_SYS_LIBRARY_PATH=''
MAKEINFO='${SHELL} '\''/C/Users/USER1/Downloads/aria2-1.36.0/aria2-1.36.0/missing'\'' makeinfo'
MANIFEST_TOOL=''
MINGW_BUILD_FALSE=''
MINGW_BUILD_TRUE=''
MKDIR_P='/usr/bin/mkdir -p'
MSGFMT=''
MSGFMT_015=''
MSGMERGE=''
NM=''
NMEDIT=''
OBJDUMP=''
OBJEXT=''
OPENSSL_CFLAGS=''
OPENSSL_LIBS=''
OTOOL64=''
OTOOL=''
PACKAGE='aria2'
PACKAGE_BUGREPORT='https://github.com/aria2/aria2/issues'
PACKAGE_NAME='aria2'
PACKAGE_STRING='aria2 1.36.0'
PACKAGE_TARNAME='aria2'
PACKAGE_URL='https://aria2.github.io/'
PACKAGE_VERSION='1.36.0'
PATH_SEPARATOR=':'
PKG_CONFIG='/usr/bin/pkg-config'
PKG_CONFIG_LIBDIR=''
PKG_CONFIG_PATH='/usr/local/x86_64-w64-mingw32/lib/pkgconfig'
POSUB=''
POW_LIB=''
RANLIB=''
RST2HTML=''
SED=''
SET_MAKE='MAKE=make'
SHELL='/bin/sh'
SPHINXBUILD=''
SQLITE3_CFLAGS=''
SQLITE3_LIBS=''
STRIP=':'
TCMALLOC_CFLAGS=''
TCMALLOC_LIBS=''
USE_APPLE_MD_FALSE=''
USE_APPLE_MD_TRUE=''
USE_INTERNAL_ARC4_FALSE=''
USE_INTERNAL_ARC4_TRUE=''
USE_INTERNAL_BIGNUM_FALSE=''
USE_INTERNAL_BIGNUM_TRUE=''
USE_INTERNAL_MD_FALSE=''
USE_INTERNAL_MD_TRUE=''
USE_LIBGCRYPT_MD_FALSE=''
USE_LIBGCRYPT_MD_TRUE=''
USE_LIBNETTLE_MD_FALSE=''
USE_LIBNETTLE_MD_TRUE=''
USE_NLS=''
USE_OPENSSL_MD_FALSE=''
USE_OPENSSL_MD_TRUE=''
USE_WINDOWS_MD_FALSE=''
USE_WINDOWS_MD_TRUE=''
VERSION='1.36.0'
WARNCXXFLAGS=''
WINTLS_LIBS=''
WSLAY_CFLAGS=''
WSLAY_LIBS=''
XGETTEXT=''
XGETTEXT_015=''
XGETTEXT_EXTRA_OPTIONS=''
YACC=''
YFLAGS=''
ZLIB_CFLAGS=''
ZLIB_LIBS=''
ac_ct_AR=''
ac_ct_CC=''
ac_ct_CXX=''
ac_ct_DUMPBIN=''
am__EXEEXT_FALSE=''
am__EXEEXT_TRUE=''
am__fastdepCCAS_FALSE=''
am__fastdepCCAS_TRUE=''
am__fastdepCC_FALSE=''
am__fastdepCC_TRUE=''
am__fastdepCXX_FALSE=''
am__fastdepCXX_TRUE=''
am__include='#'
am__isrc=''
am__leading_dot='.'
am__nodep='_no'
am__quote=''
am__tar='$${TAR-tar} chof - "$$tardir"'
am__untar='$${TAR-tar} xf -'
bashcompletiondir=''
bindir='${exec_prefix}/bin'
build='x86_64-w64-mingw32'
build_alias='x86_64-w64-mingw32'
build_cpu='x86_64'
build_os='mingw32'
build_vendor='w64'
datadir='${datarootdir}'
datarootdir='${prefix}/share'
docdir='${datarootdir}/doc/${PACKAGE_TARNAME}'
dvidir='${docdir}'
exec_prefix='NONE'
host='x86_64-w64-mingw32'
host_alias='x86_64-w64-mingw32'
host_cpu='x86_64'
host_os='mingw32'
host_vendor='w64'
htmldir='${docdir}'
includedir='${prefix}/include'
infodir='${datarootdir}/info'
install_sh='${SHELL} /C/Users/USER1/Downloads/aria2-1.36.0/aria2-1.36.0/install-sh'
libdir='${exec_prefix}/lib'
libexecdir='${exec_prefix}/libexec'
localedir='${datarootdir}/locale'
localstatedir='${prefix}/var'
mandir='${datarootdir}/man'
mkdir_p='$(MKDIR_P)'
oldincludedir='/usr/include'
pdfdir='${docdir}'
prefix='/usr/local/x86_64-w64-mingw32'
program_transform_name='s,x,x,'
psdir='${docdir}'
runstatedir='${localstatedir}/run'
sbindir='${exec_prefix}/sbin'
sharedstatedir='${prefix}/com'
subdirs=''
sysconfdir='${prefix}/etc'
target='x86_64-w64-mingw32'
target_alias=''
target_cpu='x86_64'
target_os='mingw32'
target_vendor='w64'

## ----------- ##
## confdefs.h. ##
## ----------- ##

/* confdefs.h */
#define PACKAGE_NAME "aria2"
#define PACKAGE_TARNAME "aria2"
#define PACKAGE_VERSION "1.36.0"
#define PACKAGE_STRING "aria2 1.36.0"
#define PACKAGE_BUGREPORT "https://github.com/aria2/aria2/issues"
#define PACKAGE_URL "https://aria2.github.io/"
#define PACKAGE "aria2"
#define VERSION "1.36.0"

configure: exit 1
